C:\USERS\KATHRYN.SERVAITES\DOCUMENTS\VISUAL STUDIO 2012\PROJECTS\ARRAYSSORTCLASSEXAMPLES\ARRAYSSORTCLASSEXAMPLES\DEBUG\SOURCE.OBJ
C:\USERS\KATHRYN.SERVAITES\DOCUMENTS\VISUAL STUDIO 2012\PROJECTS\ARRAYSSORTCLASSEXAMPLES\ARRAYSSORTCLASSEXAMPLES\DEBUG\VC110.PDB
C:\USERS\KATHRYN.SERVAITES\DOCUMENTS\VISUAL STUDIO 2012\PROJECTS\ARRAYSSORTCLASSEXAMPLES\DEBUG\ARRAYSSORTCLASSEXAMPLES.ILK
C:\USERS\KATHRYN.SERVAITES\DOCUMENTS\VISUAL STUDIO 2012\PROJECTS\ARRAYSSORTCLASSEXAMPLES\DEBUG\ARRAYSSORTCLASSEXAMPLES.EXE
C:\USERS\KATHRYN.SERVAITES\DOCUMENTS\VISUAL STUDIO 2012\PROJECTS\ARRAYSSORTCLASSEXAMPLES\DEBUG\ARRAYSSORTCLASSEXAMPLES.PDB
c:\Users\kathryn.servaites\documents\visual studio 2012\Projects\ArraysSortClassExamples\ArraysSortClassExamples\Debug\Source.obj
c:\Users\kathryn.servaites\documents\visual studio 2012\Projects\ArraysSortClassExamples\ArraysSortClassExamples\Debug\cl.command.1.tlog
c:\Users\kathryn.servaites\documents\visual studio 2012\Projects\ArraysSortClassExamples\ArraysSortClassExamples\Debug\CL.read.1.tlog
c:\Users\kathryn.servaites\documents\visual studio 2012\Projects\ArraysSortClassExamples\ArraysSortClassExamples\Debug\CL.write.1.tlog
c:\Users\kathryn.servaites\documents\visual studio 2012\Projects\ArraysSortClassExamples\ArraysSortClassExamples\Debug\link-cvtres.read.1.tlog
c:\Users\kathryn.servaites\documents\visual studio 2012\Projects\ArraysSortClassExamples\ArraysSortClassExamples\Debug\link-cvtres.write.1.tlog
c:\Users\kathryn.servaites\documents\visual studio 2012\Projects\ArraysSortClassExamples\ArraysSortClassExamples\Debug\link-rc.read.1.tlog
c:\Users\kathryn.servaites\documents\visual studio 2012\Projects\ArraysSortClassExamples\ArraysSortClassExamples\Debug\link-rc.write.1.tlog
c:\Users\kathryn.servaites\documents\visual studio 2012\Projects\ArraysSortClassExamples\ArraysSortClassExamples\Debug\link.command.1.tlog
c:\Users\kathryn.servaites\documents\visual studio 2012\Projects\ArraysSortClassExamples\ArraysSortClassExamples\Debug\link.read.1.tlog
c:\Users\kathryn.servaites\documents\visual studio 2012\Projects\ArraysSortClassExamples\ArraysSortClassExamples\Debug\link.write.1.tlog
c:\Users\kathryn.servaites\documents\visual studio 2012\Projects\ArraysSortClassExamples\ArraysSortClassExamples\Debug\vc110.idb
c:\Users\kathryn.servaites\documents\visual studio 2012\Projects\ArraysSortClassExamples\ArraysSortClassExamples\Debug\vc110.pdb
c:\users\kathryn.servaites\documents\visual studio 2012\Projects\ArraysSortClassExamples\Debug\ArraysSortClassExamples.pdb
c:\users\kathryn.servaites\documents\visual studio 2012\Projects\ArraysSortClassExamples\Debug\ArraysSortClassExamples.exe
c:\users\kathryn.servaites\documents\visual studio 2012\Projects\ArraysSortClassExamples\Debug\ArraysSortClassExamples.ilk
